app/build/outputs/logs/manifest-merger-debug-report.txt
-- Merging decision tree log ---
manifest
ADDED from src/main/AndroidManifest.xml:13:1-57:12
	package
		ADDED from src/main/AndroidManifest.xml:14:5-30
		INJECTED from src/main/AndroidManifest.xml
		INJECTED from src/main/AndroidManifest.xml
	android:versionName
		INJECTED from src/main/AndroidManifest.xml
		INJECTED from src/main/AndroidManifest.xml
	xmlns:android
		ADDED from src/main/AndroidManifest.xml:13:11-69
	android:versionCode
		INJECTED from src/main/AndroidManifest.xml
		INJECTED from src/main/AndroidManifest.xml
uses-permission#android.permission.INTERNET
ADDED from src/main/AndroidManifest.xml:16:5-67
	android:name
		ADDED from src/main/AndroidManifest.xml:16:22-64
uses-permission#android.permission.ACCESS_NETWORK_STATE
ADDED from src/main/AndroidManifest.xml:17:5-79
	android:name
		ADDED from src/main/AndroidManifest.xml:17:22-76
uses-permission#android.permission.ACCESS_WIFI_STATE
ADDED from src/main/AndroidManifest.xml:18:5-76
	android:name
		ADDED from src/main/AndroidManifest.xml:18:22-73
application
ADDED from src/main/AndroidManifest.xml:20:5-55:19
MERGED from [Pantry2Pan:AWSMobileHelper:unspecified] AndroidManifest.xml:19:5-48:19
MERGED from [com.android.support:appcompat-v7:24.2.0] AndroidManifest.xml:25:5-20
MERGED from [com.android.support:animated-vector-drawable:24.2.0] AndroidManifest.xml:22:5-20
MERGED from [com.android.support:support-vector-drawable:24.2.0] AndroidManifest.xml:23:5-20
MERGED from [com.android.support:support-v4:24.2.0] AndroidManifest.xml:25:5-20
MERGED from [com.android.support:support-fragment:24.2.0] AndroidManifest.xml:25:5-20
MERGED from [com.android.support:support-core-utils:24.2.0] AndroidManifest.xml:25:5-20
MERGED from [com.android.support:support-media-compat:24.2.0] AndroidManifest.xml:25:5-20
MERGED from [com.android.support:support-core-ui:24.2.0] AndroidManifest.xml:25:5-20
MERGED from [com.android.support:support-compat:24.2.0] AndroidManifest.xml:25:5-20
MERGED from [com.android.support.constraint:constraint-layout:1.0.2] AndroidManifest.xml:9:5-20
	android:label
		ADDED from src/main/AndroidManifest.xml:24:9-41
	android:supportsRtl
		ADDED from [Pantry2Pan:AWSMobileHelper:unspecified] AndroidManifest.xml:22:9-35
	android:allowBackup
		ADDED from src/main/AndroidManifest.xml:22:9-35
	android:icon
		ADDED from src/main/AndroidManifest.xml:23:9-43
	android:theme
		ADDED from src/main/AndroidManifest.xml:25:9-40
	android:name
		ADDED from src/main/AndroidManifest.xml:21:9-36
activity#com.mysampleapp.SplashActivity
ADDED from src/main/AndroidManifest.xml:26:9-35:20
	android:label
		ADDED from src/main/AndroidManifest.xml:29:13-45
	android:configChanges
		ADDED from src/main/AndroidManifest.xml:28:13-83
	android:name
		ADDED from src/main/AndroidManifest.xml:27:13-43
intent-filter#android.intent.action.MAIN+android.intent.category.LAUNCHER
ADDED from src/main/AndroidManifest.xml:30:13-34:29
action#android.intent.action.MAIN
ADDED from src/main/AndroidManifest.xml:31:17-69
	android:name
		ADDED from src/main/AndroidManifest.xml:31:25-66
category#android.intent.category.LAUNCHER
ADDED from src/main/AndroidManifest.xml:33:17-77
	android:name
		ADDED from src/main/AndroidManifest.xml:33:27-74
activity#com.mysampleapp.UserHomeActivity
ADDED from src/main/AndroidManifest.xml:37:9-54
	android:name
		ADDED from src/main/AndroidManifest.xml:37:19-51
activity#com.mysampleapp.UserPantryActivity
ADDED from src/main/AndroidManifest.xml:39:9-41:62
	android:parentActivityName
		ADDED from src/main/AndroidManifest.xml:41:13-59
	android:name
		ADDED from src/main/AndroidManifest.xml:40:13-47
activity#com.mysampleapp.UserRecipeActivity
ADDED from src/main/AndroidManifest.xml:43:9-45:62
	android:parentActivityName
		ADDED from src/main/AndroidManifest.xml:45:13-59
	android:name
		ADDED from src/main/AndroidManifest.xml:44:13-47
activity#com.mysampleapp.UserChosenRecipeActivity
ADDED from src/main/AndroidManifest.xml:47:9-48:63
	android:parentActivityName
		ADDED from src/main/AndroidManifest.xml:48:13-61
	android:name
		ADDED from src/main/AndroidManifest.xml:47:19-59
activity#com.mysampleapp.ListDataActivity
ADDED from src/main/AndroidManifest.xml:50:9-51:61
	android:parentActivityName
		ADDED from src/main/AndroidManifest.xml:51:13-59
	android:name
		ADDED from src/main/AndroidManifest.xml:50:19-51
activity#com.mysampleapp.EditDataActivity
ADDED from src/main/AndroidManifest.xml:53:9-54:61
	android:parentActivityName
		ADDED from src/main/AndroidManifest.xml:54:13-59
	android:name
		ADDED from src/main/AndroidManifest.xml:53:19-51
uses-sdk
INJECTED from src/main/AndroidManifest.xml reason: use-sdk injection requested
MERGED from [Pantry2Pan:AWSMobileHelper:unspecified] AndroidManifest.xml:15:5-17:41
MERGED from [com.android.support:appcompat-v7:24.2.0] AndroidManifest.xml:21:5-23:78
MERGED from [com.android.support:animated-vector-drawable:24.2.0] AndroidManifest.xml:20:5-44
MERGED from [com.android.support:support-vector-drawable:24.2.0] AndroidManifest.xml:21:5-43
MERGED from [com.android.support:support-v4:24.2.0] AndroidManifest.xml:21:5-23:54
MERGED from [com.android.support:support-fragment:24.2.0] AndroidManifest.xml:21:5-23:60
MERGED from [com.android.support:support-core-utils:24.2.0] AndroidManifest.xml:21:5-23:61
MERGED from [com.android.support:support-media-compat:24.2.0] AndroidManifest.xml:21:5-23:63
MERGED from [com.android.support:support-core-ui:24.2.0] AndroidManifest.xml:21:5-23:58
MERGED from [com.android.support:support-compat:24.2.0] AndroidManifest.xml:21:5-23:58
MERGED from [com.android.support:multidex:1.0.1] AndroidManifest.xml:18:5-42
MERGED from [com.android.support.constraint:constraint-layout:1.0.2] AndroidManifest.xml:5:5-7:41
	tools:overrideLibrary
		ADDED from [com.android.support:appcompat-v7:24.2.0] AndroidManifest.xml:23:9-75
	android:targetSdkVersion
		INJECTED from src/main/AndroidManifest.xml
		INJECTED from src/main/AndroidManifest.xml
	android:minSdkVersion
		INJECTED from src/main/AndroidManifest.xml
		INJECTED from src/main/AndroidManifest.xml
activity#com.amazonaws.mobilehelper.auth.signin.SignInActivity
ADDED from [Pantry2Pan:AWSMobileHelper:unspecified] AndroidManifest.xml:23:9-27:20
	android:label
		ADDED from [Pantry2Pan:AWSMobileHelper:unspecified] AndroidManifest.xml:26:13-59
	android:configChanges
		ADDED from [Pantry2Pan:AWSMobileHelper:unspecified] AndroidManifest.xml:25:13-83
	android:name
		ADDED from [Pantry2Pan:AWSMobileHelper:unspecified] AndroidManifest.xml:24:13-81
activity#com.amazonaws.mobilehelper.auth.signin.userpools.ForgotPasswordActivity
ADDED from [Pantry2Pan:AWSMobileHelper:unspecified] AndroidManifest.xml:28:9-32:20
	android:label
		ADDED from [Pantry2Pan:AWSMobileHelper:unspecified] AndroidManifest.xml:31:13-67
	android:configChanges
		ADDED from [Pantry2Pan:AWSMobileHelper:unspecified] AndroidManifest.xml:30:13-83
	android:name
		ADDED from [Pantry2Pan:AWSMobileHelper:unspecified] AndroidManifest.xml:29:13-99
activity#com.amazonaws.mobilehelper.auth.signin.userpools.SignUpActivity
ADDED from [Pantry2Pan:AWSMobileHelper:unspecified] AndroidManifest.xml:33:9-37:20
	android:label
		ADDED from [Pantry2Pan:AWSMobileHelper:unspecified] AndroidManifest.xml:36:13-59
	android:configChanges
		ADDED from [Pantry2Pan:AWSMobileHelper:unspecified] AndroidManifest.xml:35:13-83
	android:name
		ADDED from [Pantry2Pan:AWSMobileHelper:unspecified] AndroidManifest.xml:34:13-91
activity#com.amazonaws.mobilehelper.auth.signin.userpools.MFAActivity
ADDED from [Pantry2Pan:AWSMobileHelper:unspecified] AndroidManifest.xml:38:9-42:20
	android:label
		ADDED from [Pantry2Pan:AWSMobileHelper:unspecified] AndroidManifest.xml:41:13-55
	android:configChanges
		ADDED from [Pantry2Pan:AWSMobileHelper:unspecified] AndroidManifest.xml:40:13-83
	android:name
		ADDED from [Pantry2Pan:AWSMobileHelper:unspecified] AndroidManifest.xml:39:13-88
activity#com.amazonaws.mobilehelper.auth.signin.userpools.SignUpConfirmActivity
ADDED from [Pantry2Pan:AWSMobileHelper:unspecified] AndroidManifest.xml:43:9-47:20
	android:label
		ADDED from [Pantry2Pan:AWSMobileHelper:unspecified] AndroidManifest.xml:46:13-67
	android:configChanges
		ADDED from [Pantry2Pan:AWSMobileHelper:unspecified] AndroidManifest.xml:45:13-83
	android:name
		ADDED from [Pantry2Pan:AWSMobileHelper:unspecified] AndroidManifest.xml:44:13-98